d:\study\c++ cvicky\cviceni 6\cviceni 6\debug\vc142.pdb
d:\study\c++ cvicky\cviceni 6\cviceni 6\debug\vc142.idb
d:\study\c++ cvicky\cviceni 6\cviceni 6\debug\realnumber.obj
d:\study\c++ cvicky\cviceni 6\cviceni 6\debug\number.obj
d:\study\c++ cvicky\cviceni 6\cviceni 6\debug\mammal.obj
d:\study\c++ cvicky\cviceni 6\cviceni 6\debug\integer.obj
d:\study\c++ cvicky\cviceni 6\cviceni 6\debug\fish.obj
d:\study\c++ cvicky\cviceni 6\cviceni 6\debug\enumshelpers.obj
d:\study\c++ cvicky\cviceni 6\cviceni 6\debug\cviceni 6.obj
d:\study\c++ cvicky\cviceni 6\cviceni 6\debug\complexnumber.obj
d:\study\c++ cvicky\cviceni 6\cviceni 6\debug\bird.obj
d:\study\c++ cvicky\cviceni 6\cviceni 6\debug\beast.obj
d:\study\c++ cvicky\cviceni 6\cviceni 6\debug\cviceni 6.exe
d:\study\c++ cvicky\cviceni 6\cviceni 6\debug\cviceni 6.ilk
d:\study\c++ cvicky\cviceni 6\cviceni 6\debug\cviceni 6.pdb
d:\study\c++ cvicky\cviceni 6\cviceni 6\debug\cviceni 6.tlog\cl.command.1.tlog
d:\study\c++ cvicky\cviceni 6\cviceni 6\debug\cviceni 6.tlog\cl.read.1.tlog
d:\study\c++ cvicky\cviceni 6\cviceni 6\debug\cviceni 6.tlog\cl.write.1.tlog
d:\study\c++ cvicky\cviceni 6\cviceni 6\debug\cviceni 6.tlog\link.command.1.tlog
d:\study\c++ cvicky\cviceni 6\cviceni 6\debug\cviceni 6.tlog\link.read.1.tlog
d:\study\c++ cvicky\cviceni 6\cviceni 6\debug\cviceni 6.tlog\link.write.1.tlog
